<?xml version="1.0" encoding="UTF-8"?>
<!-- Generated by org.testng.reporters.JUnitReportReporter -->
<testsuite hostname="DESKTOP-0TUOQ6B" failures="0" tests="1" name="ipl.Org_test" time="2.651" errors="0" timestamp="2022-08-03T23:47:30 IST" skipped="0">
  <testcase classname="ipl.Org_test" name="RCBparcing" time="2.651"/>
  <system-out/>
</testsuite> <!-- ipl.Org_test -->
