<?xml version="1.0" encoding="UTF-8"?>
<!-- Generated by org.testng.reporters.JUnitReportReporter -->
<testsuite hostname="DESKTOP-0TUOQ6B" failures="0" tests="1" name="ipl.RCB" time="2.591" errors="0" timestamp="2022-08-03T23:49:50 IST" skipped="0">
  <testcase classname="ipl.RCB" name="RCBparcing" time="2.591"/>
  <system-out/>
</testsuite> <!-- ipl.RCB -->
